<?xml version="1.0" encoding="UTF-8"?>
<!-- Generated by org.testng.reporters.JUnitReportReporter -->
<testsuite skipped="0" hostname="saivignesha" name="FeatureTest.LoginTest" tests="11" failures="0" timestamp="26 Mar 2019 22:38:48 GMT" time="78.967" errors="0">
  <testcase name="login" time="2.732" classname="FeatureTest.LoginTest"/>
  <testcase name="createNetwork" time="11.408" classname="FeatureTest.LoginTest"/>
  <testcase name="networkNameError" time="5.587" classname="FeatureTest.LoginTest"/>
  <testcase name="ssidNameError" time="5.663" classname="FeatureTest.LoginTest"/>
  <testcase name="blankIpAddrError" time="5.525" classname="FeatureTest.LoginTest"/>
  <testcase name="ipAddrInvalidError" time="5.562" classname="FeatureTest.LoginTest"/>
  <testcase name="sharedSecretError" time="5.342" classname="FeatureTest.LoginTest"/>
  <testcase name="confirmsharedSecretError" time="14.926" classname="FeatureTest.LoginTest"/>
  <testcase name="applyNetworktoAP" time="4.479" classname="FeatureTest.LoginTest"/>
  <testcase name="verifyNetworkNameinAP" time="6.117" classname="FeatureTest.LoginTest"/>
  <testcase name="deleteNetwork" time="11.626" classname="FeatureTest.LoginTest"/>
</testsuite> <!-- FeatureTest.LoginTest -->
